<?xml version="1.0" encoding="UTF-8"?>
<!-- Generated by org.testng.reporters.JUnitReportReporter -->
<testsuite hostname="PE-HO-223" failures="0" tests="3" name="com.testNG.EjemploTestNG" time="19.188" errors="0" timestamp="2022-03-14T09:19:40 COT" skipped="0">
  <testcase classname="com.testNG.EjemploTestNG" name="Caso3_Ingreso_ToolsQA" time="0.001"/>
  <system-out/>
  <testcase classname="com.testNG.EjemploTestNG" name="Caso2_Ingreso_MerLibre" time="0.001"/>
  <system-out/>
  <testcase classname="com.testNG.EjemploTestNG" name="Caso1_Ingreso_Guru" time="19.186"/>
  <system-out/>
</testsuite> <!-- com.testNG.EjemploTestNG -->
