<?xml version="1.0" encoding="UTF-8"?>
<!-- Generated by org.testng.reporters.JUnitReportReporter -->
<testsuite hostname="PE-HO-223" failures="0" tests="1" name="com.testNG.ClaseBase" time="0.012" errors="0" timestamp="2022-02-23T09:26:47 COT" skipped="0">
  <testcase classname="com.testNG.ClaseBase" name="f" time="0.012"/>
  <system-out/>
</testsuite> <!-- com.testNG.ClaseBase -->
